#
# There is insufficient memory for the Java Runtime Environment to continue.
# Native memory allocation (mmap) failed to map 88080384 bytes for committing reserved memory.
# Possible reasons:
#   The system is out of physical RAM or swap space
#   In 32 bit mode, the process size limit was hit
# Possible solutions:
#   Reduce memory load on the system
#   Increase physical memory or swap space
#   Check if swap backing store is full
#   Use 64 bit Java on a 64 bit OS
#   Decrease Java heap size (-Xmx/-Xms)
#   Decrease number of Java threads
#   Decrease Java thread stack sizes (-Xss)
#   Set larger code cache with -XX:ReservedCodeCacheSize=
# This output file may be truncated or incomplete.
#
#  Out of Memory Error (os_linux.cpp:2627), pid=9955, tid=140214021965568
#
# JRE version: Java(TM) SE Runtime Environment (8.0_66-b17) (build 1.8.0_66-b17)
# Java VM: Java HotSpot(TM) 64-Bit Server VM (25.66-b17 mixed mode linux-amd64 compressed oops)
# Failed to write core dump. Core dumps have been disabled. To enable core dumping, try "ulimit -c unlimited" before starting Java again
#

---------------  T H R E A D  ---------------

Current thread (0x00007f8650081000):  VMThread [stack: 0x00007f861ee8c000,0x00007f861ef8d000] [id=9969]

Stack: [0x00007f861ee8c000,0x00007f861ef8d000],  sp=0x00007f861ef8b160,  free space=1020k
Native frames: (J=compiled Java code, j=interpreted, Vv=VM code, C=native code)
V  [libjvm.so+0xab9a1a]  VMError::report_and_die()+0x2ba
V  [libjvm.so+0x4f9e0b]  report_vm_out_of_memory(char const*, int, unsigned long, VMErrorType, char const*)+0x8b
V  [libjvm.so+0x91a8a3]  os::Linux::commit_memory_impl(char*, unsigned long, bool)+0x103
V  [libjvm.so+0x91adf9]  os::pd_commit_memory(char*, unsigned long, unsigned long, bool)+0x29
V  [libjvm.so+0x91510a]  os::commit_memory(char*, unsigned long, unsigned long, bool)+0x2a
V  [libjvm.so+0x9887a3]  PSVirtualSpace::expand_by(unsigned long)+0x53
V  [libjvm.so+0x989ba8]  PSYoungGen::resize_generation(unsigned long, unsigned long)+0xf8
V  [libjvm.so+0x988d02]  PSYoungGen::resize(unsigned long, unsigned long)+0x22
V  [libjvm.so+0x985fdb]  PSScavenge::invoke_no_policy()+0xf3b
V  [libjvm.so+0x986761]  PSScavenge::invoke()+0x41
V  [libjvm.so+0x93e500]  ParallelScavengeHeap::failed_mem_allocate(unsigned long)+0x70
V  [libjvm.so+0xabb437]  VM_ParallelGCFailedAllocation::doit()+0x97
V  [libjvm.so+0xac2e65]  VM_Operation::evaluate()+0x55
V  [libjvm.so+0xac123a]  VMThread::evaluate_operation(VM_Operation*)+0xba
V  [libjvm.so+0xac15be]  VMThread::loop()+0x1ce
V  [libjvm.so+0xac1a30]  VMThread::run()+0x70
V  [libjvm.so+0x91cc68]  java_start(Thread*)+0x108

VM_Operation (0x00007f86566ca160): ParallelGCFailedAllocation, mode: safepoint, requested by thread 0x00007f865000b000


---------------  P R O C E S S  ---------------

Java Threads: ( => current thread )
  0x00007f86500d6800 JavaThread "Service Thread" daemon [_thread_blocked, id=9983, stack(0x00007f861df9c000,0x00007f861e09d000)]
  0x00007f86500c9000 JavaThread "C1 CompilerThread3" daemon [_thread_blocked, id=9982, stack(0x00007f861e09d000,0x00007f861e19e000)]
  0x00007f86500c7000 JavaThread "C2 CompilerThread2" daemon [_thread_blocked, id=9981, stack(0x00007f861e19e000,0x00007f861e29f000)]
  0x00007f86500c5800 JavaThread "C2 CompilerThread1" daemon [_thread_blocked, id=9980, stack(0x00007f861e29f000,0x00007f861e3a0000)]
  0x00007f86500c2800 JavaThread "C2 CompilerThread0" daemon [_thread_blocked, id=9979, stack(0x00007f861e3a0000,0x00007f861e4a1000)]
  0x00007f86500c1000 JavaThread "Signal Dispatcher" daemon [_thread_blocked, id=9978, stack(0x00007f861e4a1000,0x00007f861e5a2000)]
  0x00007f8650088000 JavaThread "Finalizer" daemon [_thread_blocked, id=9971, stack(0x00007f861ec8a000,0x00007f861ed8b000)]
  0x00007f8650086000 JavaThread "Reference Handler" daemon [_thread_blocked, id=9970, stack(0x00007f861ed8b000,0x00007f861ee8c000)]
  0x00007f865000b000 JavaThread "main" [_thread_blocked, id=9960, stack(0x00007f86565cb000,0x00007f86566cc000)]

Other Threads:
=>0x00007f8650081000 VMThread [stack: 0x00007f861ee8c000,0x00007f861ef8d000] [id=9969]
  0x00007f86500d9000 WatcherThread [stack: 0x00007f861de9b000,0x00007f861df9c000] [id=9984]

VM state:at safepoint (normal execution)

VM Mutex/Monitor currently owned by a thread:  ([mutex/lock_event])
[0x00007f8650007430] Threads_lock - owner thread: 0x00007f8650081000
[0x00007f8650007930] Heap_lock - owner thread: 0x00007f865000b000

Heap:
 PSYoungGen      total 67584K, used 5104K [0x00000000eab00000, 0x00000000ef200000, 0x0000000100000000)
  eden space 62464K, 0% used [0x00000000eab00000,0x00000000eab00000,0x00000000ee800000)
  from space 5120K, 99% used [0x00000000ee800000,0x00000000eecfc3a8,0x00000000eed00000)
  to   space 5120K, 0% used [0x00000000eed00000,0x00000000eed00000,0x00000000ef200000)
 ParOldGen       total 83456K, used 25321K [0x00000000c0000000, 0x00000000c5180000, 0x00000000eab00000)
  object space 83456K, 30% used [0x00000000c0000000,0x00000000c18ba7c8,0x00000000c5180000)
 Metaspace       used 7897K, capacity 8010K, committed 8320K, reserved 1056768K
  class space    used 789K, capacity 821K, committed 896K, reserved 1048576K

Card table byte_map: [0x00007f863ffe8000,0x00007f86401e9000] byte_map_base: 0x00007f863f9e8000

Marking Bits: (ParMarkBitMap*) 0x00007f8655aa6020
 Begin Bits: [0x00007f863d7e0000, 0x00007f863e7e0000)
 End Bits:   [0x00007f863e7e0000, 0x00007f863f7e0000)

Polling page: 0x00007f86566ed000

CodeCache: size=245760Kb used=7646Kb max_used=7669Kb free=238113Kb
 bounds [0x00007f86405a9000, 0x00007f8640d39000, 0x00007f864f5a9000]
 total_blobs=2661 nmethods=2360 adapters=214
 compilation: enabled

Compilation events (10 events):
Event: 20.550 Thread 0x00007f86500c9000 nmethod 2365 0x00007f8640d0c3d0 code [0x00007f8640d0c520, 0x00007f8640d0c630]
Event: 20.641 Thread 0x00007f86500c9000 2366       3       sun.reflect.ClassFileAssembler::emitByte (11 bytes)
Event: 20.641 Thread 0x00007f86500c9000 nmethod 2366 0x00007f8640d03110 code [0x00007f8640d03280, 0x00007f8640d03448]
Event: 20.641 Thread 0x00007f86500c9000 2367       3       sun.reflect.ByteVectorImpl::add (38 bytes)
Event: 20.642 Thread 0x00007f86500c9000 nmethod 2367 0x00007f8640d091d0 code [0x00007f8640d09340, 0x00007f8640d09568]
Event: 24.681 Thread 0x00007f86500c7000 nmethod 2358 0x00007f8640d27bd0 code [0x00007f8640d280e0, 0x00007f8640d2b668]
Event: 25.987 Thread 0x00007f86500c9000 2369       3       java.util.regex.Pattern$GroupTail::match (111 bytes)
Event: 26.013 Thread 0x00007f86500c2800 2371       4       com.android.dex.ProtoId::compareTo (9 bytes)
Event: 26.014 Thread 0x00007f86500c5800 2372       4       com.android.dx.merge.DexMerger$7::read (8 bytes)
Event: 26.014 Thread 0x00007f86500c7000 2373       4       com.android.dx.util.ByteArrayAnnotatedOutput::<init> (54 bytes)

GC Heap History (9 events):
Event: 9.124 GC heap before
{Heap before GC invocations=1 (full 0):
 PSYoungGen      total 36352K, used 31232K [0x00000000eab00000, 0x00000000ed380000, 0x0000000100000000)
  eden space 31232K, 100% used [0x00000000eab00000,0x00000000ec980000,0x00000000ec980000)
  from space 5120K, 0% used [0x00000000ece80000,0x00000000ece80000,0x00000000ed380000)
  to   space 5120K, 0% used [0x00000000ec980000,0x00000000ec980000,0x00000000ece80000)
 ParOldGen       total 83456K, used 0K [0x00000000c0000000, 0x00000000c5180000, 0x00000000eab00000)
  object space 83456K, 0% used [0x00000000c0000000,0x00000000c0000000,0x00000000c5180000)
 Metaspace       used 5540K, capacity 6832K, committed 7040K, reserved 1056768K
  class space    used 562K, capacity 616K, committed 640K, reserved 1048576K
Event: 9.152 GC heap after
Heap after GC invocations=1 (full 0):
 PSYoungGen      total 36352K, used 5088K [0x00000000eab00000, 0x00000000ed380000, 0x0000000100000000)
  eden space 31232K, 0% used [0x00000000eab00000,0x00000000eab00000,0x00000000ec980000)
  from space 5120K, 99% used [0x00000000ec980000,0x00000000ece78068,0x00000000ece80000)
  to   space 5120K, 0% used [0x00000000ece80000,0x00000000ece80000,0x00000000ed380000)
 ParOldGen       total 83456K, used 3106K [0x00000000c0000000, 0x00000000c5180000, 0x00000000eab00000)
  object space 83456K, 3% used [0x00000000c0000000,0x00000000c0308ae0,0x00000000c5180000)
 Metaspace       used 5540K, capacity 6832K, committed 7040K, reserved 1056768K
  class space    used 562K, capacity 616K, committed 640K, reserved 1048576K
}
Event: 18.658 GC heap before
{Heap before GC invocations=2 (full 0):
 PSYoungGen      total 36352K, used 36320K [0x00000000eab00000, 0x00000000ed380000, 0x0000000100000000)
  eden space 31232K, 100% used [0x00000000eab00000,0x00000000ec980000,0x00000000ec980000)
  from space 5120K, 99% used [0x00000000ec980000,0x00000000ece78068,0x00000000ece80000)
  to   space 5120K, 0% used [0x00000000ece80000,0x00000000ece80000,0x00000000ed380000)
 ParOldGen       total 83456K, used 3106K [0x00000000c0000000, 0x00000000c5180000, 0x00000000eab00000)
  object space 83456K, 3% used [0x00000000c0000000,0x00000000c0308ae0,0x00000000c5180000)
 Metaspace       used 7665K, capacity 7876K, committed 8064K, reserved 1056768K
  class space    used 780K, capacity 820K, committed 896K, reserved 1048576K
Event: 18.697 GC heap after
Heap after GC invocations=2 (full 0):
 PSYoungGen      total 36352K, used 5106K [0x00000000eab00000, 0x00000000ed380000, 0x0000000100000000)
  eden space 31232K, 0% used [0x00000000eab00000,0x00000000eab00000,0x00000000ec980000)
  from space 5120K, 99% used [0x00000000ece80000,0x00000000ed37c8a8,0x00000000ed380000)
  to   space 5120K, 0% used [0x00000000ec980000,0x00000000ec980000,0x00000000ece80000)
 ParOldGen       total 83456K, used 10019K [0x00000000c0000000, 0x00000000c5180000, 0x00000000eab00000)
  object space 83456K, 12% used [0x00000000c0000000,0x00000000c09c8e80,0x00000000c5180000)
 Metaspace       used 7665K, capacity 7876K, committed 8064K, reserved 1056768K
  class space    used 780K, capacity 820K, committed 896K, reserved 1048576K
}
Event: 19.402 GC heap before
{Heap before GC invocations=3 (full 0):
 PSYoungGen      total 36352K, used 35449K [0x00000000eab00000, 0x00000000ed380000, 0x0000000100000000)
  eden space 31232K, 97% used [0x00000000eab00000,0x00000000ec8a1dc0,0x00000000ec980000)
  from space 5120K, 99% used [0x00000000ece80000,0x00000000ed37c8a8,0x00000000ed380000)
  to   space 5120K, 0% used [0x00000000ec980000,0x00000000ec980000,0x00000000ece80000)
 ParOldGen       total 83456K, used 10019K [0x00000000c0000000, 0x00000000c5180000, 0x00000000eab00000)
  object space 83456K, 12% used [0x00000000c0000000,0x00000000c09c8e80,0x00000000c5180000)
 Metaspace       used 7777K, capacity 8004K, committed 8320K, reserved 1056768K
  class space    used 780K, capacity 820K, committed 896K, reserved 1048576K
Event: 19.464 GC heap after
Heap after GC invocations=3 (full 0):
 PSYoungGen      total 36352K, used 5099K [0x00000000eab00000, 0x00000000ef200000, 0x0000000100000000)
  eden space 31232K, 0% used [0x00000000eab00000,0x00000000eab00000,0x00000000ec980000)
  from space 5120K, 99% used [0x00000000ec980000,0x00000000ece7aed0,0x00000000ece80000)
  to   space 5120K, 0% used [0x00000000eed00000,0x00000000eed00000,0x00000000ef200000)
 ParOldGen       total 83456K, used 11804K [0x00000000c0000000, 0x00000000c5180000, 0x00000000eab00000)
  object space 83456K, 14% used [0x00000000c0000000,0x00000000c0b87240,0x00000000c5180000)
 Metaspace       used 7777K, capacity 8004K, committed 8320K, reserved 1056768K
  class space    used 780K, capacity 820K, committed 896K, reserved 1048576K
}
Event: 20.289 GC heap before
{Heap before GC invocations=4 (full 0):
 PSYoungGen      total 36352K, used 36331K [0x00000000eab00000, 0x00000000ef200000, 0x0000000100000000)
  eden space 31232K, 100% used [0x00000000eab00000,0x00000000ec980000,0x00000000ec980000)
  from space 5120K, 99% used [0x00000000ec980000,0x00000000ece7aed0,0x00000000ece80000)
  to   space 5120K, 0% used [0x00000000eed00000,0x00000000eed00000,0x00000000ef200000)
 ParOldGen       total 83456K, used 11804K [0x00000000c0000000, 0x00000000c5180000, 0x00000000eab00000)
  object space 83456K, 14% used [0x00000000c0000000,0x00000000c0b87240,0x00000000c5180000)
 Metaspace       used 7805K, capacity 8004K, committed 8320K, reserved 1056768K
  class space    used 781K, capacity 820K, committed 896K, reserved 1048576K
Event: 20.366 GC heap after
Heap after GC invocations=4 (full 0):
 PSYoungGen      total 67584K, used 5102K [0x00000000eab00000, 0x00000000ef200000, 0x0000000100000000)
  eden space 62464K, 0% used [0x00000000eab00000,0x00000000eab00000,0x00000000ee800000)
  from space 5120K, 99% used [0x00000000eed00000,0x00000000ef1fb980,0x00000000ef200000)
  to   space 5120K, 0% used [0x00000000ee800000,0x00000000ee800000,0x00000000eed00000)
 ParOldGen       total 83456K, used 14414K [0x00000000c0000000, 0x00000000c5180000, 0x00000000eab00000)
  object space 83456K, 17% used [0x00000000c0000000,0x00000000c0e13878,0x00000000c5180000)
 Metaspace       used 7805K, capacity 8004K, committed 8320K, reserved 1056768K
  class space    used 781K, capacity 820K, committed 896K, reserved 1048576K
}
Event: 26.585 GC heap before
{Heap before GC invocations=5 (full 0):
 PSYoungGen      total 67584K, used 67566K [0x00000000eab00000, 0x00000000ef200000, 0x0000000100000000)
  eden space 62464K, 100% used [0x00000000eab00000,0x00000000ee800000,0x00000000ee800000)
  from space 5120K, 99% used [0x00000000eed00000,0x00000000ef1fb980,0x00000000ef200000)
  to   space 5120K, 0% used [0x00000000ee800000,0x00000000ee800000,0x00000000eed00000)
 ParOldGen       total 83456K, used 14414K [0x00000000c0000000, 0x00000000c5180000, 0x00000000eab00000)
  object space 83456K, 17% used [0x00000000c0000000,0x00000000c0e13878,0x00000000c5180000)
 Metaspace       used 7897K, capacity 8010K, committed 8320K, reserved 1056768K
  class space    used 789K, capacity 821K, committed 896K, reserved 1048576K

Deoptimization events (10 events):
Event: 18.714 Thread 0x00007f865000b000 Uncommon trap: reason=unstable_if action=reinterpret pc=0x00007f8640b64e70 method=com.android.dex.util.Unsigned.compare(II)I @ 26
Event: 18.716 Thread 0x00007f865000b000 Uncommon trap: reason=predicate action=maybe_recompile pc=0x00007f8640ba84bc method=com.android.dex.Leb128.readUnsignedLeb128(Lcom/android/dex/util/ByteInput;)I @ 41
Event: 19.482 Thread 0x00007f865000b000 Uncommon trap: reason=unstable_if action=reinterpret pc=0x00007f8640a305f8 method=java.util.HashMap.getNode(ILjava/lang/Object;)Ljava/util/HashMap$Node; @ 84
Event: 19.516 Thread 0x00007f865000b000 Uncommon trap: reason=unstable_if action=reinterpret pc=0x00007f8640a535ec method=java.util.HashMap.getNode(ILjava/lang/Object;)Ljava/util/HashMap$Node; @ 84
Event: 19.704 Thread 0x00007f865000b000 Uncommon trap: reason=unstable_if action=reinterpret pc=0x00007f8640b630ec method=com.android.dex.Mutf8.decode(Lcom/android/dex/util/ByteInput;[C)Ljava/lang/String; @ 37
Event: 19.704 Thread 0x00007f865000b000 Uncommon trap: reason=unstable_if action=reinterpret pc=0x00007f8640c8b3a4 method=com.android.dex.Mutf8.countBytes(Ljava/lang/String;Z)J @ 35
Event: 19.704 Thread 0x00007f865000b000 Uncommon trap: reason=unstable_if action=reinterpret pc=0x00007f8640b4cfdc method=com.android.dex.Mutf8.encode([BILjava/lang/String;)V @ 31
Event: 20.443 Thread 0x00007f865000b000 Uncommon trap: reason=unstable_if action=reinterpret pc=0x00007f8640c86f2c method=com.android.dex.Mutf8.countBytes(Ljava/lang/String;Z)J @ 35
Event: 20.472 Thread 0x00007f865000b000 Uncommon trap: reason=unstable_if action=reinterpret pc=0x00007f8640c92570 method=com.android.dex.Mutf8.countBytes(Ljava/lang/String;Z)J @ 35
Event: 20.520 Thread 0x00007f865000b000 Uncommon trap: reason=unstable_if action=reinterpret pc=0x00007f8640b4f298 method=com.android.dex.Mutf8.countBytes(Ljava/lang/String;Z)J @ 35

Internal exceptions (7 events):
Event: 1.998 Thread 0x00007f865000b000 Exception <a 'java/lang/NoSuchMethodError': Method sun.misc.Unsafe.defineClass(Ljava/lang/String;[BII)Ljava/lang/Class; name or signature does not match> (0x00000000eab12b98) thrown at [/HUDSON/workspace/8-2-build-linux-amd64/jdk8u66/4988/hotspot/src/shar
Event: 1.998 Thread 0x00007f865000b000 Exception <a 'java/lang/NoSuchMethodError': Method sun.misc.Unsafe.prefetchRead(Ljava/lang/Object;J)V name or signature does not match> (0x00000000eab12e80) thrown at [/HUDSON/workspace/8-2-build-linux-amd64/jdk8u66/4988/hotspot/src/share/vm/prims/jni.cpp
Event: 9.072 Thread 0x00007f8650137800 Implicit null exception at 0x00007f864090ab22 to 0x00007f864090ac1b
Event: 17.878 Thread 0x00007f865000b000 Exception <a 'java/security/PrivilegedActionException'> (0x00000000ec8194f8) thrown at [/HUDSON/workspace/8-2-build-linux-amd64/jdk8u66/4988/hotspot/src/share/vm/prims/jvm.cpp, line 1386]
Event: 17.878 Thread 0x00007f865000b000 Exception <a 'java/security/PrivilegedActionException'> (0x00000000ec8198f0) thrown at [/HUDSON/workspace/8-2-build-linux-amd64/jdk8u66/4988/hotspot/src/share/vm/prims/jvm.cpp, line 1386]
Event: 17.878 Thread 0x00007f865000b000 Exception <a 'java/security/PrivilegedActionException'> (0x00000000ec81c100) thrown at [/HUDSON/workspace/8-2-build-linux-amd64/jdk8u66/4988/hotspot/src/share/vm/prims/jvm.cpp, line 1386]
Event: 17.879 Thread 0x00007f865000b000 Exception <a 'java/security/PrivilegedActionException'> (0x00000000ec81c4f8) thrown at [/HUDSON/workspace/8-2-build-linux-amd64/jdk8u66/4988/hotspot/src/share/vm/prims/jvm.cpp, line 1386]

Events (10 events):
Event: 20.643 loading class sun/reflect/Label$PatchInfo done
Event: 20.643 loading class sun/reflect/MethodAccessorGenerator$1
Event: 20.643 loading class sun/reflect/MethodAccessorGenerator$1 done
Event: 20.643 loading class sun/reflect/ClassDefiner
Event: 20.643 loading class sun/reflect/ClassDefiner done
Event: 20.643 loading class sun/reflect/ClassDefiner$1
Event: 23.352 loading class sun/reflect/ClassDefiner$1 done
Event: 23.925 loading class sun/reflect/BootstrapConstructorAccessorImpl
Event: 24.634 loading class sun/reflect/BootstrapConstructorAccessorImpl done
Event: 26.139 Executing VM operation: ParallelGCFailedAllocation


Dynamic libraries:
00400000-00401000 r-xp 00000000 08:07 1101799                            /usr/lib/jvm/java-8-oracle/bin/java
00600000-00601000 rw-p 00000000 08:07 1101799                            /usr/lib/jvm/java-8-oracle/bin/java
01312000-01333000 rw-p 00000000 00:00 0                                  [heap]
c0000000-c5180000 rw-p 00000000 00:00 0 
c5180000-eab00000 ---p 00000000 00:00 0 
eab00000-ef200000 rw-p 00000000 00:00 0 
f4600000-100000000 ---p 00000000 00:00 0 
100000000-1000e0000 rw-p 00000000 00:00 0 
1000e0000-140000000 ---p 00000000 00:00 0 
7f85dc000000-7f85dc021000 rw-p 00000000 00:00 0 
7f85dc021000-7f85e0000000 ---p 00000000 00:00 0 
7f85e0000000-7f85e0042000 rw-p 00000000 00:00 0 
7f85e0042000-7f85e4000000 ---p 00000000 00:00 0 
7f85e4000000-7f85e4021000 rw-p 00000000 00:00 0 
7f85e4021000-7f85e8000000 ---p 00000000 00:00 0 
7f85e8000000-7f85e8021000 rw-p 00000000 00:00 0 
7f85e8021000-7f85ec000000 ---p 00000000 00:00 0 
7f85ec000000-7f85ec021000 rw-p 00000000 00:00 0 
7f85ec021000-7f85f0000000 ---p 00000000 00:00 0 
7f85f0000000-7f85f002d000 rw-p 00000000 00:00 0 
7f85f002d000-7f85f4000000 ---p 00000000 00:00 0 
7f85f4000000-7f85f43c1000 rw-p 00000000 00:00 0 
7f85f43c1000-7f85f8000000 ---p 00000000 00:00 0 
7f85f8000000-7f85f8021000 rw-p 00000000 00:00 0 
7f85f8021000-7f85fc000000 ---p 00000000 00:00 0 
7f85fc000000-7f85fc3ef000 rw-p 00000000 00:00 0 
7f85fc3ef000-7f8600000000 ---p 00000000 00:00 0 
7f8600000000-7f8600694000 rw-p 00000000 00:00 0 
7f8600694000-7f8604000000 ---p 00000000 00:00 0 
7f8604000000-7f8604021000 rw-p 00000000 00:00 0 
7f8604021000-7f8608000000 ---p 00000000 00:00 0 
7f8608000000-7f8608fd8000 rw-p 00000000 00:00 0 
7f8608fd8000-7f860c000000 ---p 00000000 00:00 0 
7f860c000000-7f860c021000 rw-p 00000000 00:00 0 
7f860c021000-7f8610000000 ---p 00000000 00:00 0 
7f8610000000-7f8610021000 rw-p 00000000 00:00 0 
7f8610021000-7f8614000000 ---p 00000000 00:00 0 
7f8614000000-7f8614296000 rw-p 00000000 00:00 0 
7f8614296000-7f8618000000 ---p 00000000 00:00 0 
7f8618000000-7f8618021000 rw-p 00000000 00:00 0 
7f8618021000-7f861c000000 ---p 00000000 00:00 0 
7f861d94a000-7f861d970000 r--p 00000000 08:07 1317554                    /usr/share/locale-langpack/fr/LC_MESSAGES/libc.mo
7f861d970000-7f861d97a000 r--s 00116000 08:07 1055081                    /usr/lib/jvm/java-8-oracle/jre/lib/ext/localedata.jar
7f861d97a000-7f861d996000 r--s 00393000 08:07 1054796                    /usr/lib/jvm/java-8-oracle/jre/lib/ext/cldrdata.jar
7f861d996000-7f861d999000 ---p 00000000 00:00 0 
7f861d999000-7f861da97000 rw-p 00000000 00:00 0 
7f861da97000-7f861da9a000 ---p 00000000 00:00 0 
7f861da9a000-7f861db98000 rw-p 00000000 00:00 0 
7f861db98000-7f861db9b000 ---p 00000000 00:00 0 
7f861db9b000-7f861dc99000 rw-p 00000000 00:00 0 
7f861dc99000-7f861dc9c000 ---p 00000000 00:00 0 
7f861dc9c000-7f861dd9a000 rw-p 00000000 00:00 0 
7f861dd9a000-7f861dd9d000 ---p 00000000 00:00 0 
7f861dd9d000-7f861de9b000 rw-p 00000000 00:00 0 
7f861de9b000-7f861de9c000 ---p 00000000 00:00 0 
7f861de9c000-7f861df9c000 rw-p 00000000 00:00 0                          [stack:9984]
7f861df9c000-7f861df9f000 ---p 00000000 00:00 0 
7f861df9f000-7f861e09d000 rw-p 00000000 00:00 0                          [stack:9983]
7f861e09d000-7f861e0a0000 ---p 00000000 00:00 0 
7f861e0a0000-7f861e19e000 rw-p 00000000 00:00 0                          [stack:9982]
7f861e19e000-7f861e1a1000 ---p 00000000 00:00 0 
7f861e1a1000-7f861e29f000 rw-p 00000000 00:00 0                          [stack:9981]
7f861e29f000-7f861e2a2000 ---p 00000000 00:00 0 
7f861e2a2000-7f861e3a0000 rw-p 00000000 00:00 0                          [stack:9980]
7f861e3a0000-7f861e3a3000 ---p 00000000 00:00 0 
7f861e3a3000-7f861e4a1000 rw-p 00000000 00:00 0                          [stack:9979]
7f861e4a1000-7f861e4a4000 ---p 00000000 00:00 0 
7f861e4a4000-7f861e5a2000 rw-p 00000000 00:00 0                          [stack:9978]
7f861e5a2000-7f861ec8a000 r--p 00000000 08:07 1054738                    /usr/lib/locale/locale-archive
7f861ec8a000-7f861ec8d000 ---p 00000000 00:00 0 
7f861ec8d000-7f861ed8b000 rw-p 00000000 00:00 0                          [stack:9971]
7f861ed8b000-7f861ed8e000 ---p 00000000 00:00 0 
7f861ed8e000-7f861ee8c000 rw-p 00000000 00:00 0                          [stack:9970]
7f861ee8c000-7f861ee8d000 ---p 00000000 00:00 0 
7f861ee8d000-7f8620000000 rw-p 00000000 00:00 0                          [stack:9969]
7f8620000000-7f8620021000 rw-p 00000000 00:00 0 
7f8620021000-7f8624000000 ---p 00000000 00:00 0 
7f8624000000-7f8624021000 rw-p 00000000 00:00 0 
7f8624021000-7f8628000000 ---p 00000000 00:00 0 
7f8628000000-7f8628021000 rw-p 00000000 00:00 0 
7f8628021000-7f862c000000 ---p 00000000 00:00 0 
7f862c000000-7f862c021000 rw-p 00000000 00:00 0 
7f862c021000-7f8630000000 ---p 00000000 00:00 0 
7f8630000000-7f8630021000 rw-p 00000000 00:00 0 
7f8630021000-7f8634000000 ---p 00000000 00:00 0 
7f8634000000-7f8634021000 rw-p 00000000 00:00 0 
7f8634021000-7f8638000000 ---p 00000000 00:00 0 
7f8638000000-7f8638021000 rw-p 00000000 00:00 0 
7f8638021000-7f863c000000 ---p 00000000 00:00 0 
7f863c002000-7f863cb91000 rw-p 00000000 00:00 0 
7f863cb91000-7f863cd6a000 r--s 03d20000 08:07 1049613                    /usr/lib/jvm/java-8-oracle/jre/lib/rt.jar
7f863cd6a000-7f863d520000 rw-p 00000000 00:00 0 
7f863d520000-7f863d5e0000 ---p 00000000 00:00 0 
7f863d5e0000-7f863f7e0000 rw-p 00000000 00:00 0 
7f863f7e0000-7f863f7e1000 ---p 00000000 00:00 0 
7f863f7e1000-7f863f8e1000 rw-p 00000000 00:00 0                          [stack:9968]
7f863f8e1000-7f863f8e2000 ---p 00000000 00:00 0 
7f863f8e2000-7f863f9e2000 rw-p 00000000 00:00 0                          [stack:9967]
7f863f9e2000-7f863f9e3000 ---p 00000000 00:00 0 
7f863f9e3000-7f863fae3000 rw-p 00000000 00:00 0                          [stack:9966]
7f863fae3000-7f863fae4000 ---p 00000000 00:00 0 
7f863fae4000-7f863fbe4000 rw-p 00000000 00:00 0                          [stack:9965]
7f863fbe4000-7f863fbe5000 ---p 00000000 00:00 0 
7f863fbe5000-7f863fce5000 rw-p 00000000 00:00 0                          [stack:9964]
7f863fce5000-7f863fce6000 ---p 00000000 00:00 0 
7f863fce6000-7f863fde6000 rw-p 00000000 00:00 0                          [stack:9963]
7f863fde6000-7f863fde7000 ---p 00000000 00:00 0 
7f863fde7000-7f863fee7000 rw-p 00000000 00:00 0                          [stack:9962]
7f863fee7000-7f863fee8000 ---p 00000000 00:00 0 
7f863fee8000-7f8640011000 rw-p 00000000 00:00 0                          [stack:9961]
7f8640011000-7f864013d000 ---p 00000000 00:00 0 
7f864013d000-7f8640161000 rw-p 00000000 00:00 0 
7f8640161000-7f86401e8000 ---p 00000000 00:00 0 
7f86401e8000-7f8640208000 rw-p 00000000 00:00 0 
7f8640208000-7f86405a9000 ---p 00000000 00:00 0 
7f86405a9000-7f8640d39000 rwxp 00000000 00:00 0 
7f8640d39000-7f864f5a9000 ---p 00000000 00:00 0 
7f864f5a9000-7f864f5c3000 r-xp 00000000 08:07 1056136                    /usr/lib/jvm/java-8-oracle/jre/lib/amd64/libzip.so
7f864f5c3000-7f864f7c3000 ---p 0001a000 08:07 1056136                    /usr/lib/jvm/java-8-oracle/jre/lib/amd64/libzip.so
7f864f7c3000-7f864f7c4000 rw-p 0001a000 08:07 1056136                    /usr/lib/jvm/java-8-oracle/jre/lib/amd64/libzip.so
7f864f7c4000-7f864f7cf000 r-xp 00000000 08:07 523284                     /lib/x86_64-linux-gnu/libnss_files-2.19.so
7f864f7cf000-7f864f9ce000 ---p 0000b000 08:07 523284                     /lib/x86_64-linux-gnu/libnss_files-2.19.so
7f864f9ce000-7f864f9cf000 r--p 0000a000 08:07 523284                     /lib/x86_64-linux-gnu/libnss_files-2.19.so
7f864f9cf000-7f864f9d0000 rw-p 0000b000 08:07 523284                     /lib/x86_64-linux-gnu/libnss_files-2.19.so
7f864f9d0000-7f864f9db000 r-xp 00000000 08:07 527422                     /lib/x86_64-linux-gnu/libnss_nis-2.19.so
7f864f9db000-7f864fbda000 ---p 0000b000 08:07 527422                     /lib/x86_64-linux-gnu/libnss_nis-2.19.so
7f864fbda000-7f864fbdb000 r--p 0000a000 08:07 527422                     /lib/x86_64-linux-gnu/libnss_nis-2.19.so
7f864fbdb000-7f864fbdc000 rw-p 0000b000 08:07 527422                     /lib/x86_64-linux-gnu/libnss_nis-2.19.so
7f864fbdc000-7f864fbf3000 r-xp 00000000 08:07 523359                     /lib/x86_64-linux-gnu/libnsl-2.19.so
7f864fbf3000-7f864fdf2000 ---p 00017000 08:07 523359                     /lib/x86_64-linux-gnu/libnsl-2.19.so
7f864fdf2000-7f864fdf3000 r--p 00016000 08:07 523359                     /lib/x86_64-linux-gnu/libnsl-2.19.so
7f864fdf3000-7f864fdf4000 rw-p 00017000 08:07 523359                     /lib/x86_64-linux-gnu/libnsl-2.19.so
7f864fdf4000-7f864fdf6000 rw-p 00000000 00:00 0 
7f864fdf6000-7f864fdff000 r-xp 00000000 08:07 523358                     /lib/x86_64-linux-gnu/libnss_compat-2.19.so
7f864fdff000-7f864fffe000 ---p 00009000 08:07 523358                     /lib/x86_64-linux-gnu/libnss_compat-2.19.so
7f864fffe000-7f864ffff000 r--p 00008000 08:07 523358                     /lib/x86_64-linux-gnu/libnss_compat-2.19.so
7f864ffff000-7f8650000000 rw-p 00009000 08:07 523358                     /lib/x86_64-linux-gnu/libnss_compat-2.19.so
7f8650000000-7f865039f000 rw-p 00000000 00:00 0 
7f865039f000-7f8654000000 ---p 00000000 00:00 0 
7f8654000000-7f8654007000 r--s 00000000 08:07 1315838                    /usr/lib/x86_64-linux-gnu/gconv/gconv-modules.cache
7f8654007000-7f8654016000 r--s 000df000 08:07 902962                     /home/pira/Android/Sdk/build-tools/23.0.1/lib/dx.jar
7f8654016000-7f8654081000 rw-p 00000000 00:00 0 
7f8654081000-7f86541ae000 ---p 00000000 00:00 0 
7f86541ae000-7f86541d8000 r-xp 00000000 08:07 1056664                    /usr/lib/jvm/java-8-oracle/jre/lib/amd64/libjava.so
7f86541d8000-7f86543d8000 ---p 0002a000 08:07 1056664                    /usr/lib/jvm/java-8-oracle/jre/lib/amd64/libjava.so
7f86543d8000-7f86543da000 rw-p 0002a000 08:07 1056664                    /usr/lib/jvm/java-8-oracle/jre/lib/amd64/libjava.so
7f86543da000-7f86543e7000 r-xp 00000000 08:07 1056350                    /usr/lib/jvm/java-8-oracle/jre/lib/amd64/libverify.so
7f86543e7000-7f86545e7000 ---p 0000d000 08:07 1056350                    /usr/lib/jvm/java-8-oracle/jre/lib/amd64/libverify.so
7f86545e7000-7f86545e9000 rw-p 0000d000 08:07 1056350                    /usr/lib/jvm/java-8-oracle/jre/lib/amd64/libverify.so
7f86545e9000-7f86545f0000 r-xp 00000000 08:07 523367                     /lib/x86_64-linux-gnu/librt-2.19.so
7f86545f0000-7f86547ef000 ---p 00007000 08:07 523367                     /lib/x86_64-linux-gnu/librt-2.19.so
7f86547ef000-7f86547f0000 r--p 00006000 08:07 523367                     /lib/x86_64-linux-gnu/librt-2.19.so
7f86547f0000-7f86547f1000 rw-p 00007000 08:07 523367                     /lib/x86_64-linux-gnu/librt-2.19.so
7f86547f1000-7f86548f6000 r-xp 00000000 08:07 523280                     /lib/x86_64-linux-gnu/libm-2.19.so
7f86548f6000-7f8654af5000 ---p 00105000 08:07 523280                     /lib/x86_64-linux-gnu/libm-2.19.so
7f8654af5000-7f8654af6000 r--p 00104000 08:07 523280                     /lib/x86_64-linux-gnu/libm-2.19.so
7f8654af6000-7f8654af7000 rw-p 00105000 08:07 523280                     /lib/x86_64-linux-gnu/libm-2.19.so
7f8654af7000-7f86557b5000 r-xp 00000000 08:07 1056977                    /usr/lib/jvm/java-8-oracle/jre/lib/amd64/server/libjvm.so
7f86557b5000-7f86559b4000 ---p 00cbe000 08:07 1056977                    /usr/lib/jvm/java-8-oracle/jre/lib/amd64/server/libjvm.so
7f86559b4000-7f8655a8d000 rw-p 00cbd000 08:07 1056977                    /usr/lib/jvm/java-8-oracle/jre/lib/amd64/server/libjvm.so
7f8655a8d000-7f8655ad1000 rw-p 00000000 00:00 0 
7f8655ad1000-7f8655c8c000 r-xp 00000000 08:07 523364                     /lib/x86_64-linux-gnu/libc-2.19.so
7f8655c8c000-7f8655e8b000 ---p 001bb000 08:07 523364                     /lib/x86_64-linux-gnu/libc-2.19.so
7f8655e8b000-7f8655e8f000 r--p 001ba000 08:07 523364                     /lib/x86_64-linux-gnu/libc-2.19.so
7f8655e8f000-7f8655e91000 rw-p 001be000 08:07 523364                     /lib/x86_64-linux-gnu/libc-2.19.so
7f8655e91000-7f8655e96000 rw-p 00000000 00:00 0 
7f8655e96000-7f8655e99000 r-xp 00000000 08:07 523295                     /lib/x86_64-linux-gnu/libdl-2.19.so
7f8655e99000-7f8656098000 ---p 00003000 08:07 523295                     /lib/x86_64-linux-gnu/libdl-2.19.so
7f8656098000-7f8656099000 r--p 00002000 08:07 523295                     /lib/x86_64-linux-gnu/libdl-2.19.so
7f8656099000-7f865609a000 rw-p 00003000 08:07 523295                     /lib/x86_64-linux-gnu/libdl-2.19.so
7f865609a000-7f86560af000 r-xp 00000000 08:07 1101792                    /usr/lib/jvm/java-8-oracle/lib/amd64/jli/libjli.so
7f86560af000-7f86562af000 ---p 00015000 08:07 1101792                    /usr/lib/jvm/java-8-oracle/lib/amd64/jli/libjli.so
7f86562af000-7f86562b0000 rw-p 00015000 08:07 1101792                    /usr/lib/jvm/java-8-oracle/lib/amd64/jli/libjli.so
7f86562b0000-7f86562c9000 r-xp 00000000 08:07 523365                     /lib/x86_64-linux-gnu/libpthread-2.19.so
7f86562c9000-7f86564c8000 ---p 00019000 08:07 523365                     /lib/x86_64-linux-gnu/libpthread-2.19.so
7f86564c8000-7f86564c9000 r--p 00018000 08:07 523365                     /lib/x86_64-linux-gnu/libpthread-2.19.so
7f86564c9000-7f86564ca000 rw-p 00019000 08:07 523365                     /lib/x86_64-linux-gnu/libpthread-2.19.so
7f86564ca000-7f86564ce000 rw-p 00000000 00:00 0 
7f86564ce000-7f86564f1000 r-xp 00000000 08:07 523361                     /lib/x86_64-linux-gnu/ld-2.19.so
7f86564f3000-7f86564f4000 rw-p 00000000 00:00 0 
7f86564f4000-7f86564f9000 r--s 00096000 08:07 1057156                    /usr/lib/jvm/java-8-oracle/jre/lib/jsse.jar
7f86564f9000-7f86565cb000 rw-p 00000000 00:00 0 
7f86565cb000-7f86565ce000 ---p 00000000 00:00 0 
7f86565ce000-7f86566e4000 rw-p 00000000 00:00 0                          [stack:9960]
7f86566e4000-7f86566ec000 rw-s 00000000 08:07 1326450                    /tmp/hsperfdata_pira/9955
7f86566ec000-7f86566ed000 rw-p 00000000 00:00 0 
7f86566ed000-7f86566ee000 ---p 00000000 00:00 0 
7f86566ee000-7f86566f0000 rw-p 00000000 00:00 0 
7f86566f0000-7f86566f1000 r--p 00022000 08:07 523361                     /lib/x86_64-linux-gnu/ld-2.19.so
7f86566f1000-7f86566f2000 rw-p 00023000 08:07 523361                     /lib/x86_64-linux-gnu/ld-2.19.so
7f86566f2000-7f86566f3000 rw-p 00000000 00:00 0 
7ffcfcdcf000-7ffcfcdf1000 rw-p 00000000 00:00 0                          [stack]
7ffcfcdf8000-7ffcfcdfa000 r-xp 00000000 00:00 0                          [vdso]
ffffffffff600000-ffffffffff601000 r-xp 00000000 00:00 0                  [vsyscall]

VM Arguments:
jvm_args: -Xmx1024M -Dfile.encoding=UTF-8 -Duser.country=FR -Duser.language=fr -Duser.variant 
java_command: com.android.dx.command.Main --dex --num-threads=4 --output /home/pira/Bureau/ShareData/app/build/intermediates/dex/debug /home/pira/Bureau/ShareData/app/build/intermediates/classes/debug /home/pira/Bureau/ShareData/app/build/intermediates/pre-dexed/debug/support-annotations-23.0.1-77aef9d54a90360380fc84379cd2547ca6fe234e.jar /home/pira/Bureau/ShareData/app/build/intermediates/pre-dexed/debug/classes-bc50e0bb45320e25b575201543c4a13af06db181.jar /home/pira/Bureau/ShareData/app/build/intermediates/pre-dexed/debug/classes-05f7b54ddc01807b4fc905b1b3cccb534aae20dd.jar /home/pira/Bureau/ShareData/app/build/intermediates/pre-dexed/debug/classes-e67ab9c163e7b18c0e647afc689b4b2edf6b0d94.jar /home/pira/Bureau/ShareData/app/build/intermediates/pre-dexed/debug/nanohttpd-2.1.1-580a000d797b2e6ca3fbfc12ad06727938ad58f1.jar /home/pira/Bureau/ShareData/app/build/intermediates/pre-dexed/debug/classes-697614a7ed9e2b78a90049b6e21e67d168af1f0f.jar /home/pira/Bureau/ShareData/app/build/intermediates/pre-dexed/debug/library-2.4.0-77cd7b2efe1760573b21d2228f61608df6bdc6a9.jar /home/pira/Bureau/ShareData/app/build/intermediates/pre-dexed/debug/classes-3eda80683013f4ee1c932f496b5896b97859e0ab.jar /home/pira/Bureau/ShareData/app/build/intermediates/pre-dexed/debug/classes-a5ed5bb942e948298ccb511da586b05736a8f31d.jar /home/pira/Bureau/ShareData/app/build/intermediates/pre-dexed/debug/android-async-http-1.4.9-5119b321db107f88ef6ecf8a4bfb805c6d652803.jar /home/pira/Bureau/ShareData/app/build/intermediates/pre-dexed/debug/zip4j_1.3.2-8c6e28578da99131f4b0047e26fe7eaba1e7389a.jar /home/pira/Bureau/ShareData/app/build/intermediates/pre-dexed/debug/classes-eedde99cca987df581005066c8276a645096b01b.jar /home/pira/Bureau/ShareData/app/build/intermediates/pre-dexed/debug/internal_impl-23.0.1-c03300ba51ba22aaa54d12ac9fa3d69ebf9d24e8.jar /home/pira/Bureau/ShareData/app/build/intermediates/pre-dexed/debug/classes-9e1e3edcd1c56043e3e18746a7c7ba45d459171b.jar /home/pira/Bureau/ShareData/app/buil
java_class_path (initial): /home/pira/Android/Sdk/build-tools/23.0.1/lib/dx.jar
Launcher Type: SUN_STANDARD

Environment Variables:
PATH=/usr/local/sbin:/usr/local/bin:/usr/sbin:/usr/bin:/sbin:/bin:/usr/games:/usr/local/games
SHELL=/bin/bash
DISPLAY=:0

Signal Handlers:
SIGSEGV: [libjvm.so+0xaba2a0], sa_mask[0]=11111111011111111101111111111110, sa_flags=SA_RESTART|SA_SIGINFO
SIGBUS: [libjvm.so+0xaba2a0], sa_mask[0]=11111111011111111101111111111110, sa_flags=SA_RESTART|SA_SIGINFO
SIGFPE: [libjvm.so+0x917710], sa_mask[0]=11111111011111111101111111111110, sa_flags=SA_RESTART|SA_SIGINFO
SIGPIPE: [libjvm.so+0x917710], sa_mask[0]=11111111011111111101111111111110, sa_flags=SA_RESTART|SA_SIGINFO
SIGXFSZ: [libjvm.so+0x917710], sa_mask[0]=11111111011111111101111111111110, sa_flags=SA_RESTART|SA_SIGINFO
SIGILL: [libjvm.so+0x917710], sa_mask[0]=11111111011111111101111111111110, sa_flags=SA_RESTART|SA_SIGINFO
SIGUSR1: SIG_DFL, sa_mask[0]=00000000000000000000000000000000, sa_flags=none
SIGUSR2: [libjvm.so+0x918d40], sa_mask[0]=00100000000000000000000000000000, sa_flags=SA_RESTART|SA_SIGINFO
SIGHUP: [libjvm.so+0x91a140], sa_mask[0]=11111111011111111101111111111110, sa_flags=SA_RESTART|SA_SIGINFO
SIGINT: [libjvm.so+0x91a140], sa_mask[0]=11111111011111111101111111111110, sa_flags=SA_RESTART|SA_SIGINFO
SIGTERM: [libjvm.so+0x91a140], sa_mask[0]=11111111011111111101111111111110, sa_flags=SA_RESTART|SA_SIGINFO
SIGQUIT: [libjvm.so+0x91a140], sa_mask[0]=11111111011111111101111111111110, sa_flags=SA_RESTART|SA_SIGINFO


---------------  S Y S T E M  ---------------

OS:DISTRIB_ID=Ubuntu
DISTRIB_RELEASE=14.04
DISTRIB_CODENAME=trusty
DISTRIB_DESCRIPTION="Ubuntu 14.04.3 LTS"

uname:Linux 3.13.0-67-generic #110-Ubuntu SMP Fri Oct 23 13:24:41 UTC 2015 x86_64
libc:glibc 2.19 NPTL 2.19 
rlimit: STACK 8192k, CORE 0k, NPROC 61779, NOFILE 4096, AS infinity
load average:9.05 2.90 1.67

/proc/meminfo:
MemTotal:        7929356 kB
MemFree:          124240 kB
Buffers:             284 kB
Cached:           644920 kB
SwapCached:         4404 kB
Active:          4413908 kB
Inactive:        1051712 kB
Active(anon):    4412416 kB
Inactive(anon):  1047736 kB
Active(file):       1492 kB
Inactive(file):     3976 kB
Unevictable:          52 kB
Mlocked:              52 kB
SwapTotal:       1998844 kB
SwapFree:              0 kB
Dirty:                76 kB
Writeback:             0 kB
AnonPages:       4817768 kB
Mapped:          2198920 kB
Shmem:            638136 kB
Slab:             112288 kB
SReclaimable:      43060 kB
SUnreclaim:        69228 kB
KernelStack:       10664 kB
PageTables:        56180 kB
NFS_Unstable:          0 kB
Bounce:                0 kB
WritebackTmp:          0 kB
CommitLimit:     5963520 kB
Committed_AS:   17281572 kB
VmallocTotal:   34359738367 kB
VmallocUsed:      604552 kB
VmallocChunk:   34359123452 kB
HardwareCorrupted:     0 kB
AnonHugePages:   1327104 kB
HugePages_Total:       0
HugePages_Free:        0
HugePages_Rsvd:        0
HugePages_Surp:        0
Hugepagesize:       2048 kB
DirectMap4k:      187136 kB
DirectMap2M:     6903808 kB
DirectMap1G:     1048576 kB


CPU:total 8 (4 cores per cpu, 2 threads per core) family 6 model 60 stepping 3, cmov, cx8, fxsr, mmx, sse, sse2, sse3, ssse3, sse4.1, sse4.2, popcnt, avx, avx2, aes, clmul, erms, lzcnt, ht, tsc, tscinvbit, bmi1, bmi2

/proc/cpuinfo:
processor	: 0
vendor_id	: GenuineIntel
cpu family	: 6
model		: 60
model name	: Intel(R) Core(TM) i7-4702MQ CPU @ 2.20GHz
stepping	: 3
microcode	: 0x9
cpu MHz		: 2201.000
cache size	: 6144 KB
physical id	: 0
siblings	: 8
core id		: 0
cpu cores	: 4
apicid		: 0
initial apicid	: 0
fpu		: yes
fpu_exception	: yes
cpuid level	: 13
wp		: yes
flags		: fpu vme de pse tsc msr pae mce cx8 apic sep mtrr pge mca cmov pat pse36 clflush dts acpi mmx fxsr sse sse2 ss ht tm pbe syscall nx pdpe1gb rdtscp lm constant_tsc arch_perfmon pebs bts rep_good nopl xtopology nonstop_tsc aperfmperf eagerfpu pni pclmulqdq dtes64 monitor ds_cpl vmx est tm2 ssse3 fma cx16 xtpr pdcm pcid sse4_1 sse4_2 movbe popcnt tsc_deadline_timer aes xsave avx f16c rdrand lahf_lm abm ida arat epb xsaveopt pln pts dtherm tpr_shadow vnmi flexpriority ept vpid fsgsbase tsc_adjust bmi1 avx2 smep bmi2 erms invpcid
bogomips	: 4390.01
clflush size	: 64
cache_alignment	: 64
address sizes	: 39 bits physical, 48 bits virtual
power management:

processor	: 1
vendor_id	: GenuineIntel
cpu family	: 6
model		: 60
model name	: Intel(R) Core(TM) i7-4702MQ CPU @ 2.20GHz
stepping	: 3
microcode	: 0x9
cpu MHz		: 800.000
cache size	: 6144 KB
physical id	: 0
siblings	: 8
core id		: 0
cpu cores	: 4
apicid		: 1
initial apicid	: 1
fpu		: yes
fpu_exception	: yes
cpuid level	: 13
wp		: yes
flags		: fpu vme de pse tsc msr pae mce cx8 apic sep mtrr pge mca cmov pat pse36 clflush dts acpi mmx fxsr sse sse2 ss ht tm pbe syscall nx pdpe1gb rdtscp lm constant_tsc arch_perfmon pebs bts rep_good nopl xtopology nonstop_tsc aperfmperf eagerfpu pni pclmulqdq dtes64 monitor ds_cpl vmx est tm2 ssse3 fma cx16 xtpr pdcm pcid sse4_1 sse4_2 movbe popcnt tsc_deadline_timer aes xsave avx f16c rdrand lahf_lm abm ida arat epb xsaveopt pln pts dtherm tpr_shadow vnmi flexpriority ept vpid fsgsbase tsc_adjust bmi1 avx2 smep bmi2 erms invpcid
bogomips	: 4390.01
clflush size	: 64
cache_alignment	: 64
address sizes	: 39 bits physical, 48 bits virtual
power management:

processor	: 2
vendor_id	: GenuineIntel
cpu family	: 6
model		: 60
model name	: Intel(R) Core(TM) i7-4702MQ CPU @ 2.20GHz
stepping	: 3
microcode	: 0x9
cpu MHz		: 1400.000
cache size	: 6144 KB
physical id	: 0
siblings	: 8
core id		: 1
cpu cores	: 4
apicid		: 2
initial apicid	: 2
fpu		: yes
fpu_exception	: yes
cpuid level	: 13
wp		: yes
flags		: fpu vme de pse tsc msr pae mce cx8 apic sep mtrr pge mca cmov pat pse36 clflush dts acpi mmx fxsr sse sse2 ss ht tm pbe syscall nx pdpe1gb rdtscp lm constant_tsc arch_perfmon pebs bts rep_good nopl xtopology nonstop_tsc aperfmperf eagerfpu pni pclmulqdq dtes64 monitor ds_cpl vmx est tm2 ssse3 fma cx16 xtpr pdcm pcid sse4_1 sse4_2 movbe popcnt tsc_deadline_timer aes xsave avx f16c rdrand lahf_lm abm ida arat epb xsaveopt pln pts dtherm tpr_shadow vnmi flexpriority ept vpid fsgsbase tsc_adjust bmi1 avx2 smep bmi2 erms invpcid
bogomips	: 4390.01
clflush size	: 64
cache_alignment	: 64
address sizes	: 39 bits physical, 48 bits virtual
power management:

processor	: 3
vendor_id	: GenuineIntel
cpu family	: 6
model		: 60
model name	: Intel(R) Core(TM) i7-4702MQ CPU @ 2.20GHz
stepping	: 3
microcode	: 0x9
cpu MHz		: 2201.000
cache size	: 6144 KB
physical id	: 0
siblings	: 8
core id		: 1
cpu cores	: 4
apicid		: 3
initial apicid	: 3
fpu		: yes
fpu_exception	: yes
cpuid level	: 13
wp		: yes
flags		: fpu vme de pse tsc msr pae mce cx8 apic sep mtrr pge mca cmov pat pse36 clflush dts acpi mmx fxsr sse sse2 ss ht tm pbe syscall nx pdpe1gb rdtscp lm constant_tsc arch_perfmon pebs bts rep_good nopl xtopology nonstop_tsc aperfmperf eagerfpu pni pclmulqdq dtes64 monitor ds_cpl vmx est tm2 ssse3 fma cx16 xtpr pdcm pcid sse4_1 sse4_2 movbe popcnt tsc_deadline_timer aes xsave avx f16c rdrand lahf_lm abm ida arat epb xsaveopt pln pts dtherm tpr_shadow vnmi flexpriority ept vpid fsgsbase tsc_adjust bmi1 avx2 smep bmi2 erms invpcid
bogomips	: 4390.01
clflush size	: 64
cache_alignment	: 64
address sizes	: 39 bits physical, 48 bits virtual
power management:

processor	: 4
vendor_id	: GenuineIntel
cpu family	: 6
model		: 60
model name	: Intel(R) Core(TM) i7-4702MQ CPU @ 2.20GHz
stepping	: 3
microcode	: 0x9
cpu MHz		: 800.000
cache size	: 6144 KB
physical id	: 0
siblings	: 8
core id		: 2
cpu cores	: 4
apicid		: 4
initial apicid	: 4
fpu		: yes
fpu_exception	: yes
cpuid level	: 13
wp		: yes
flags		: fpu vme de pse tsc msr pae mce cx8 apic sep mtrr pge mca cmov pat pse36 clflush dts acpi mmx fxsr sse sse2 ss ht tm pbe syscall nx pdpe1gb rdtscp lm constant_tsc arch_perfmon pebs bts rep_good nopl xtopology nonstop_tsc aperfmperf eagerfpu pni pclmulqdq dtes64 monitor ds_cpl vmx est tm2 ssse3 fma cx16 xtpr pdcm pcid sse4_1 sse4_2 movbe popcnt tsc_deadline_timer aes xsave avx f16c rdrand lahf_lm abm ida arat epb xsaveopt pln pts dtherm tpr_shadow vnmi flexpriority ept vpid fsgsbase tsc_adjust bmi1 avx2 smep bmi2 erms invpcid
bogomips	: 4390.01
clflush size	: 64
cache_alignment	: 64
address sizes	: 39 bits physical, 48 bits virtual
power management:

processor	: 5
vendor_id	: GenuineIntel
cpu family	: 6
model		: 60
model name	: Intel(R) Core(TM) i7-4702MQ CPU @ 2.20GHz
stepping	: 3
microcode	: 0x9
cpu MHz		: 800.000
cache size	: 6144 KB
physical id	: 0
siblings	: 8
core id		: 2
cpu cores	: 4
apicid		: 5
initial apicid	: 5
fpu		: yes
fpu_exception	: yes
cpuid level	: 13
wp		: yes
flags		: fpu vme de pse tsc msr pae mce cx8 apic sep mtrr pge mca cmov pat pse36 clflush dts acpi mmx fxsr sse sse2 ss ht tm pbe syscall nx pdpe1gb rdtscp lm constant_tsc arch_perfmon pebs bts rep_good nopl xtopology nonstop_tsc aperfmperf eagerfpu pni pclmulqdq dtes64 monitor ds_cpl vmx est tm2 ssse3 fma cx16 xtpr pdcm pcid sse4_1 sse4_2 movbe popcnt tsc_deadline_timer aes xsave avx f16c rdrand lahf_lm abm ida arat epb xsaveopt pln pts dtherm tpr_shadow vnmi flexpriority ept vpid fsgsbase tsc_adjust bmi1 avx2 smep bmi2 erms invpcid
bogomips	: 4390.01
clflush size	: 64
cache_alignment	: 64
address sizes	: 39 bits physical, 48 bits virtual
power management:

processor	: 6
vendor_id	: GenuineIntel
cpu family	: 6
model		: 60
model name	: Intel(R) Core(TM) i7-4702MQ CPU @ 2.20GHz
stepping	: 3
microcode	: 0x9
cpu MHz		: 2201.000
cache size	: 6144 KB
physical id	: 0
siblings	: 8
core id		: 3
cpu cores	: 4
apicid		: 6
initial apicid	: 6
fpu		: yes
fpu_exception	: yes
cpuid level	: 13
wp		: yes
flags		: fpu vme de pse tsc msr pae mce cx8 apic sep mtrr pge mca cmov pat pse36 clflush dts acpi mmx fxsr sse sse2 ss ht tm pbe syscall nx pdpe1gb rdtscp lm constant_tsc arch_perfmon pebs bts rep_good nopl xtopology nonstop_tsc aperfmperf eagerfpu pni pclmulqdq dtes64 monitor ds_cpl vmx est tm2 ssse3 fma cx16 xtpr pdcm pcid sse4_1 sse4_2 movbe popcnt tsc_deadline_timer aes xsave avx f16c rdrand lahf_lm abm ida arat epb xsaveopt pln pts dtherm tpr_shadow vnmi flexpriority ept vpid fsgsbase tsc_adjust bmi1 avx2 smep bmi2 erms invpcid
bogomips	: 4390.01
clflush size	: 64
cache_alignment	: 64
address sizes	: 39 bits physical, 48 bits virtual
power management:

processor	: 7
vendor_id	: GenuineIntel
cpu family	: 6
model		: 60
model name	: Intel(R) Core(TM) i7-4702MQ CPU @ 2.20GHz
stepping	: 3
microcode	: 0x9
cpu MHz		: 2201.000
cache size	: 6144 KB
physical id	: 0
siblings	: 8
core id		: 3
cpu cores	: 4
apicid		: 7
initial apicid	: 7
fpu		: yes
fpu_exception	: yes
cpuid level	: 13
wp		: yes
flags		: fpu vme de pse tsc msr pae mce cx8 apic sep mtrr pge mca cmov pat pse36 clflush dts acpi mmx fxsr sse sse2 ss ht tm pbe syscall nx pdpe1gb rdtscp lm constant_tsc arch_perfmon pebs bts rep_good nopl xtopology nonstop_tsc aperfmperf eagerfpu pni pclmulqdq dtes64 monitor ds_cpl vmx est tm2 ssse3 fma cx16 xtpr pdcm pcid sse4_1 sse4_2 movbe popcnt tsc_deadline_timer aes xsave avx f16c rdrand lahf_lm abm ida arat epb xsaveopt pln pts dtherm tpr_shadow vnmi flexpriority ept vpid fsgsbase tsc_adjust bmi1 avx2 smep bmi2 erms invpcid
bogomips	: 4390.01
clflush size	: 64
cache_alignment	: 64
address sizes	: 39 bits physical, 48 bits virtual
power management:



Memory: 4k page, physical 7929356k(124240k free), swap 1998844k(0k free)

vm_info: Java HotSpot(TM) 64-Bit Server VM (25.66-b17) for linux-amd64 JRE (1.8.0_66-b17), built on Oct  6 2015 17:28:34 by "java_re" with gcc 4.3.0 20080428 (Red Hat 4.3.0-8)

time: Sun Nov 15 16:20:11 2015
elapsed time: 35 seconds (0d 0h 0m 35s)

